Determining if the pthread_create exist failed with the following output:
Change Dir: /home/caleb/Projects/emu/docs/debug/build/shaderc-sys-cef2278ad5b6e469/out/build/CMakeFiles/CMakeTmp

Run Build Command:"/usr/bin/make" "cmTC_85c8a/fast"
/usr/bin/make -f CMakeFiles/cmTC_85c8a.dir/build.make CMakeFiles/cmTC_85c8a.dir/build
make[1]: Entering directory '/home/caleb/Projects/emu/docs/debug/build/shaderc-sys-cef2278ad5b6e469/out/build/CMakeFiles/CMakeTmp'
Building C object CMakeFiles/cmTC_85c8a.dir/CheckSymbolExists.c.o
/usr/bin/cc   -ffunction-sections -fdata-sections -fPIC -m64  -fPIE   -o CMakeFiles/cmTC_85c8a.dir/CheckSymbolExists.c.o   -c /home/caleb/Projects/emu/docs/debug/build/shaderc-sys-cef2278ad5b6e469/out/build/CMakeFiles/CMakeTmp/CheckSymbolExists.c
Linking C executable cmTC_85c8a
/usr/bin/cmake -E cmake_link_script CMakeFiles/cmTC_85c8a.dir/link.txt --verbose=1
/usr/bin/cc  -ffunction-sections -fdata-sections -fPIC -m64     -rdynamic CMakeFiles/cmTC_85c8a.dir/CheckSymbolExists.c.o  -o cmTC_85c8a 
CMakeFiles/cmTC_85c8a.dir/CheckSymbolExists.c.o: In function `main':
CheckSymbolExists.c:(.text.main+0x1b): undefined reference to `pthread_create'
collect2: error: ld returned 1 exit status
CMakeFiles/cmTC_85c8a.dir/build.make:97: recipe for target 'cmTC_85c8a' failed
make[1]: *** [cmTC_85c8a] Error 1
make[1]: Leaving directory '/home/caleb/Projects/emu/docs/debug/build/shaderc-sys-cef2278ad5b6e469/out/build/CMakeFiles/CMakeTmp'
Makefile:126: recipe for target 'cmTC_85c8a/fast' failed
make: *** [cmTC_85c8a/fast] Error 2

File /home/caleb/Projects/emu/docs/debug/build/shaderc-sys-cef2278ad5b6e469/out/build/CMakeFiles/CMakeTmp/CheckSymbolExists.c:
/* */
#include <pthread.h>

int main(int argc, char** argv)
{
  (void)argv;
#ifndef pthread_create
  return ((int*)(&pthread_create))[argc];
#else
  (void)argc;
  return 0;
#endif
}

Performing C++ SOURCE FILE Test COMPILER_SUPPORTS_EXTRA_SEMI_WARNING failed with the following output:
Change Dir: /home/caleb/Projects/emu/docs/debug/build/shaderc-sys-cef2278ad5b6e469/out/build/CMakeFiles/CMakeTmp

Run Build Command:"/usr/bin/make" "cmTC_2a07b/fast"
/usr/bin/make -f CMakeFiles/cmTC_2a07b.dir/build.make CMakeFiles/cmTC_2a07b.dir/build
make[1]: Entering directory '/home/caleb/Projects/emu/docs/debug/build/shaderc-sys-cef2278ad5b6e469/out/build/CMakeFiles/CMakeTmp'
Building CXX object CMakeFiles/cmTC_2a07b.dir/src.cxx.o
/usr/bin/c++    -ffunction-sections -fdata-sections -fPIC -m64 -Wimplicit-fallthrough -DCOMPILER_SUPPORTS_EXTRA_SEMI_WARNING -fPIE   -Wextra-semi -o CMakeFiles/cmTC_2a07b.dir/src.cxx.o -c /home/caleb/Projects/emu/docs/debug/build/shaderc-sys-cef2278ad5b6e469/out/build/CMakeFiles/CMakeTmp/src.cxx
c++: error: unrecognized command line option '-Wextra-semi'; did you mean '-Wextra'?
CMakeFiles/cmTC_2a07b.dir/build.make:65: recipe for target 'CMakeFiles/cmTC_2a07b.dir/src.cxx.o' failed
make[1]: *** [CMakeFiles/cmTC_2a07b.dir/src.cxx.o] Error 1
make[1]: Leaving directory '/home/caleb/Projects/emu/docs/debug/build/shaderc-sys-cef2278ad5b6e469/out/build/CMakeFiles/CMakeTmp'
Makefile:126: recipe for target 'cmTC_2a07b/fast' failed
make: *** [cmTC_2a07b/fast] Error 2

Source file was:
int main() { return 0; }
